c:\users\rolan\source\repos\studentmanagementsystem\studentmanagementsystem\x64\debug\vc142.pdb
c:\users\rolan\source\repos\studentmanagementsystem\studentmanagementsystem\x64\debug\.netframework,version=v4.7.2.assemblyattributes.obj
c:\users\rolan\source\repos\studentmanagementsystem\studentmanagementsystem\x64\debug\myform.obj
c:\users\rolan\source\repos\studentmanagementsystem\x64\debug\mysql.data.dll
c:\users\rolan\source\repos\studentmanagementsystem\x64\debug\google.protobuf.dll
c:\users\rolan\source\repos\studentmanagementsystem\x64\debug\zstdnet.dll
c:\users\rolan\source\repos\studentmanagementsystem\x64\debug\k4os.compression.lz4.streams.dll
c:\users\rolan\source\repos\studentmanagementsystem\x64\debug\bouncycastle.crypto.dll
c:\users\rolan\source\repos\studentmanagementsystem\x64\debug\ubiety.dns.core.dll
c:\users\rolan\source\repos\studentmanagementsystem\x64\debug\system.memory.dll
c:\users\rolan\source\repos\studentmanagementsystem\x64\debug\system.buffers.dll
c:\users\rolan\source\repos\studentmanagementsystem\x64\debug\k4os.compression.lz4.dll
c:\users\rolan\source\repos\studentmanagementsystem\x64\debug\k4os.hash.xxhash.dll
c:\users\rolan\source\repos\studentmanagementsystem\x64\debug\mysql.data.xml
c:\users\rolan\source\repos\studentmanagementsystem\x64\debug\studentmanagementsystem.exe
c:\users\rolan\source\repos\studentmanagementsystem\x64\debug\studentmanagementsystem.pdb
c:\users\rolan\source\repos\studentmanagementsystem\studentmanagementsystem\x64\debug\studentm.7cc4e994.tlog\metagen.write.1.tlog
c:\users\rolan\source\repos\studentmanagementsystem\studentmanagementsystem\x64\debug\studentmanagementsystem.myform.resources
c:\users\rolan\source\repos\studentmanagementsystem\studentmanagementsystem\x64\debug\studentm.7cc4e994.tlog\cl.command.1.tlog
c:\users\rolan\source\repos\studentmanagementsystem\studentmanagementsystem\x64\debug\studentm.7cc4e994.tlog\cl.read.1.tlog
c:\users\rolan\source\repos\studentmanagementsystem\studentmanagementsystem\x64\debug\studentm.7cc4e994.tlog\cl.write.1.tlog
c:\users\rolan\source\repos\studentmanagementsystem\studentmanagementsystem\x64\debug\studentm.7cc4e994.tlog\copylocal.read.1u.tlog
c:\users\rolan\source\repos\studentmanagementsystem\studentmanagementsystem\x64\debug\studentm.7cc4e994.tlog\copylocal.write.1u.tlog
c:\users\rolan\source\repos\studentmanagementsystem\studentmanagementsystem\x64\debug\studentm.7cc4e994.tlog\link.command.1.tlog
c:\users\rolan\source\repos\studentmanagementsystem\studentmanagementsystem\x64\debug\studentm.7cc4e994.tlog\link.read.1.tlog
c:\users\rolan\source\repos\studentmanagementsystem\studentmanagementsystem\x64\debug\studentm.7cc4e994.tlog\link.write.1.tlog
c:\users\rolan\source\repos\studentmanagementsystem\studentmanagementsystem\x64\debug\studentm.7cc4e994.tlog\metagen.read.1.tlog
c:\users\rolan\source\repos\studentmanagementsystem\studentmanagementsystem\x64\debug\studentm.7cc4e994.tlog\studentmanagementsystem.write.1u.tlog
c:\users\rolan\source\repos\studentmanagementsystem\studentmanagementsystem\x64\debug\studentm.7cc4e994.tlog\mysql.data.dll.metagen
